src/app/documents/actions.ts(88,7): error TS2739: Type 'Record<string, any>' is missing the following properties from type '{ signerName: string; signerTitle: string; villeRedaction: string; imputationBudgetaire: string; name?: string | undefined; matricule?: string | undefined; poste?: string | undefined; ... 21 more ...; totalFraisMission?: number | undefined; }': signerName, signerTitle, villeRedaction, imputationBudgetaire
src/app/missions/[id]/actions.ts(50,51): error TS2345: Argument of type '{ documentType: "Ordre de Mission"; documentContent: string; employeeContext: { numeroMission: string; missionType: string; name: string; poste: string; destination: string | undefined; ... 8 more ...; totalFraisMission: number; }; }' is not assignable to parameter of type '{ documentType: string; documentContent: string; employeeContext?: { signerName: string; signerTitle: string; villeRedaction: string; imputationBudgetaire: string; name?: string | undefined; ... 23 more ...; totalFraisMission?: number | undefined; } | undefined; }'.
  Types of property 'employeeContext' are incompatible.
    Type '{ numeroMission: string; missionType: string; name: string; poste: string; destination: string | undefined; objetMission: string; moyenTransport: "V├®hicule personnel" | "V├®hicule CNRCT" | undefined; ... 6 more ...; totalFraisMission: number; }' is missing the following properties from type '{ signerName: string; signerTitle: string; villeRedaction: string; imputationBudgetaire: string; name?: string | undefined; matricule?: string | undefined; poste?: string | undefined; ... 21 more ...; totalFraisMission?: number | undefined; }': signerName, signerTitle, villeRedaction, imputationBudgetaire
src/app/missions/[id]/edit/page.tsx(238,78): error TS2322: Type '(value: MissionParticipant["moyenTransport"]) => void' is not assignable to type '(value: string) => void'.
  Types of parameters 'value' and 'value' are incompatible.
    Type 'string' is not assignable to type '"V├®hicule personnel" | "V├®hicule CNRCT" | undefined'.
src/app/reports/nominative/page.tsx(124,60): error TS2345: Argument of type 'number' is not assignable to parameter of type 'Month'.
src/app/reports/nominative/page.tsx(128,60): error TS2345: Argument of type 'number' is not assignable to parameter of type 'Month'.
src/app/reports/nominative/page.tsx(131,58): error TS2345: Argument of type 'number' is not assignable to parameter of type 'Month'.
src/components/payroll/edit-payroll-sheet.tsx(143,28): error TS18048: 'sum' is possibly 'undefined'.
src/components/payroll/edit-payroll-sheet.tsx(153,64): error TS18048: 'otherIndemnities' is possibly 'undefined'.
